[     331ms] [ERROR] %o

%s

%s
 Error: [CONVEX Q(sessions:getWithIssue)] [Request ID: defece3d89af4444] Server Error
ArgumentValidationError: Value does not match validator.
Path: .sessionId
Value: "test123"
Validator: v.id("sessions")


  Called by client
    at OptimisticQueryResults2.queryResult (http://localhost:8042/_bun/client/index-01000000878736a8.js:8862:17)
    at BaseConvexClient3.localQueryResult (http://localhost:8042/_bun/client/index-01000000878736a8.js:7435:44)
    at Object.localQueryResult (http://localhost:8042/_bun/client/index-01000000878736a8.js:5509:38)
    at QueriesObserver2.getLocalResults (http://localhost:8042/_bun/client/index-01000000878736a8.js:6423:27)
    at getCurrentValue (http://localhost:8042/_bun/client/index-01000000878736a8.js:6353:27)
    at http://localhost:8042/_bun/client/index-01000000878736a8.js:6296:27
    at basicStateReducer (http://localhost:8042/_bun/client/index-01000000878736a8.js:29643:47)
    at updateReducerImpl (http://localhost:8042/_bun/client/index-01000000878736a8.js:29727:73)
    at updateReducer (http://localhost:8042/_bun/client/index-01000000878736a8.js:29673:16)
    at Object.useState (http://localhost:8042/_bun/client/index-01000000878736a8.js:39398:20) The above error occurred in the <SessionDetail2> component. React will try to recreate this component tree from scratch using the error boundary you provided, CatchBoundaryImpl. @ http://localhost:8042/_bun/client/index-01000000878736a8.js:30562
[     332ms] [WARNING] Warning: The following error wasn't caught by any route! At the very least, consider setting an 'errorComponent' in your RootRoute! @ http://localhost:8042/_bun/client/index-01000000878736a8.js:10492
[     332ms] [WARNING] Warning: [CONVEX Q(sessions:getWithIssue)] [Request ID: defece3d89af4444] Server Error
ArgumentValidationError: Value does not match validator.
Path: .sessionId
Value: "test123"
Validator: v.id("sessions")


  Called by client @ http://localhost:8042/_bun/client/index-01000000878736a8.js:10492
